#-----------------------------------------------------------
# Vivado v2016.2 (64-bit)
# SW Build 1577090 on Thu Jun  2 16:32:40 MDT 2016
# IP Build 1577682 on Fri Jun  3 12:00:54 MDT 2016
# Start of session at: Tue Apr 03 15:50:03 2018
# Process ID: 7976
# Current directory: C:/Users/xw/Desktop/EE2026_Project
# Command line: vivado.exe -gui_launcher_event rodinguilauncherevent20220 C:\Users\xw\Desktop\EE2026_Project\audio_effects.xpr
# Log file: C:/Users/xw/Desktop/EE2026_Project/vivado.log
# Journal file: C:/Users/xw/Desktop/EE2026_Project\vivado.jou
#-----------------------------------------------------------
start_gui
open_project C:/Users/xw/Desktop/EE2026_Project/audio_effects.xpr
INFO: [Project 1-313] Project file moved from 'C:/Users/User/Desktop/EE2026/audio_effects' since last save.
Scanning sources...
Finished scanning sources
INFO: [IP_Flow 19-234] Refreshing IP repositories
INFO: [IP_Flow 19-1704] No user IP repositories specified
INFO: [IP_Flow 19-2313] Loaded Vivado IP repository 'D:/Vivado/Vivado/2016.2/data/ip'.
open_project: Time (s): cpu = 00:00:13 ; elapsed = 00:00:14 . Memory (MB): peak = 778.590 ; gain = 136.840
update_compile_order -fileset sources_1
exit
INFO: [Common 17-206] Exiting Vivado at Tue Apr 03 16:24:30 2018...
