#-----------------------------------------------------------
# Vivado v2016.2 (64-bit)
# SW Build 1577090 on Thu Jun  2 16:32:40 MDT 2016
# IP Build 1577682 on Fri Jun  3 12:00:54 MDT 2016
# Start of session at: Tue Apr 03 20:10:12 2018
# Process ID: 19208
# Current directory: C:/Users/xw/Desktop/EE2026_Project
# Command line: vivado.exe -gui_launcher_event rodinguilauncherevent19612 C:\Users\xw\Desktop\EE2026_Project\audio_effects.xpr
# Log file: C:/Users/xw/Desktop/EE2026_Project/vivado.log
# Journal file: C:/Users/xw/Desktop/EE2026_Project\vivado.jou
#-----------------------------------------------------------
start_gui
open_project C:/Users/xw/Desktop/EE2026_Project/audio_effects.xpr
Scanning sources...
Finished scanning sources
INFO: [IP_Flow 19-234] Refreshing IP repositories
INFO: [IP_Flow 19-1704] No user IP repositories specified
INFO: [IP_Flow 19-2313] Loaded Vivado IP repository 'D:/Vivado/Vivado/2016.2/data/ip'.
open_project: Time (s): cpu = 00:00:14 ; elapsed = 00:00:13 . Memory (MB): peak = 765.938 ; gain = 131.176
update_compile_order -fileset sources_1
reset_run synth_1
launch_runs impl_1
[Tue Apr 03 20:14:35 2018] Launched synth_1...
Run output will be captured here: C:/Users/xw/Desktop/EE2026_Project/audio_effects.runs/synth_1/runme.log
[Tue Apr 03 20:14:35 2018] Launched impl_1...
Run output will be captured here: C:/Users/xw/Desktop/EE2026_Project/audio_effects.runs/impl_1/runme.log
close [ open C:/Users/xw/Desktop/EE2026_Project/audio_effects.srcs/sources_1/new/CLOCK_four.v w ]
add_files C:/Users/xw/Desktop/EE2026_Project/audio_effects.srcs/sources_1/new/CLOCK_four.v
update_compile_order -fileset sources_1
update_compile_order -fileset sources_1
reset_run synth_1
launch_runs impl_1
[Tue Apr 03 20:44:25 2018] Launched synth_1...
Run output will be captured here: C:/Users/xw/Desktop/EE2026_Project/audio_effects.runs/synth_1/runme.log
[Tue Apr 03 20:44:25 2018] Launched impl_1...
Run output will be captured here: C:/Users/xw/Desktop/EE2026_Project/audio_effects.runs/impl_1/runme.log
exit
INFO: [Common 17-206] Exiting Vivado at Tue Apr 03 20:47:00 2018...
