#-----------------------------------------------------------
# Vivado v2016.2 (64-bit)
# SW Build 1577090 on Thu Jun  2 16:32:40 MDT 2016
# IP Build 1577682 on Fri Jun  3 12:00:54 MDT 2016
# Start of session at: Wed Mar 28 14:40:52 2018
# Process ID: 9116
# Current directory: C:/Users/User/Desktop/EE2026/audio_effects
# Command line: vivado.exe -gui_launcher_event rodinguilauncherevent12340 C:\Users\User\Desktop\EE2026\audio_effects\audio_effects.xpr
# Log file: C:/Users/User/Desktop/EE2026/audio_effects/vivado.log
# Journal file: C:/Users/User/Desktop/EE2026/audio_effects\vivado.jou
#-----------------------------------------------------------
start_gui
open_project C:/Users/User/Desktop/EE2026/audio_effects/audio_effects.xpr
Scanning sources...
Finished scanning sources
INFO: [IP_Flow 19-234] Refreshing IP repositories
INFO: [IP_Flow 19-1704] No user IP repositories specified
INFO: [IP_Flow 19-2313] Loaded Vivado IP repository 'C:/Xilinx/Vivado/2016.2/data/ip'.
open_project: Time (s): cpu = 00:00:35 ; elapsed = 00:00:19 . Memory (MB): peak = 762.988 ; gain = 134.859
update_compile_order -fileset sources_1
exit
INFO: [Common 17-206] Exiting Vivado at Wed Mar 28 14:47:03 2018...
