#-----------------------------------------------------------
# Vivado v2016.2 (64-bit)
# SW Build 1577090 on Thu Jun  2 16:32:40 MDT 2016
# IP Build 1577682 on Fri Jun  3 12:00:54 MDT 2016
# Start of session at: Tue Mar 27 16:27:21 2018
# Process ID: 7724
# Current directory: C:/Users/User/Desktop/EE2026/audio_effects
# Command line: vivado.exe -gui_launcher_event rodinguilauncherevent7132 C:\Users\User\Desktop\EE2026\audio_effects\audio_effects.xpr
# Log file: C:/Users/User/Desktop/EE2026/audio_effects/vivado.log
# Journal file: C:/Users/User/Desktop/EE2026/audio_effects\vivado.jou
#-----------------------------------------------------------
start_gui
open_project C:/Users/User/Desktop/EE2026/audio_effects/audio_effects.xpr
Scanning sources...
Finished scanning sources
INFO: [IP_Flow 19-234] Refreshing IP repositories
INFO: [IP_Flow 19-1704] No user IP repositories specified
INFO: [IP_Flow 19-2313] Loaded Vivado IP repository 'C:/Xilinx/Vivado/2016.2/data/ip'.
open_project: Time (s): cpu = 00:00:28 ; elapsed = 00:00:16 . Memory (MB): peak = 773.340 ; gain = 139.758
update_compile_order -fileset sources_1
add_files -norecurse {C:/Users/User/Desktop/EE2026/audio_effects/audio_effects.srcs/sources_1/new/clock_slow.v C:/Users/User/Desktop/EE2026/audio_effects/audio_effects.srcs/sources_1/new/AUDIO_FX_TOP.v C:/Users/User/Desktop/EE2026/audio_effects/audio_effects.srcs/sources_1/new/SPI.v C:/Users/User/Desktop/EE2026/audio_effects/audio_effects.srcs/sources_1/new/Music_Instrument.v C:/Users/User/Desktop/EE2026/audio_effects/audio_effects.srcs/sources_1/new/delay.v}
update_compile_order -fileset sources_1
update_compile_order -fileset sources_1
launch_simulation
INFO: [USF-XSim-27] Simulation object is 'sim_1'
INFO: [USF-XSim-37] Inspecting design source files for 'music_simulate' in fileset 'sim_1'...
INFO: [USF-XSim-97] Finding global include files...
INFO: [USF-XSim-98] Fetching design files from 'sim_1'...
INFO: [USF-XSim-2] XSim::Compile design
INFO: [USF-XSim-61] Executing 'COMPILE and ANALYZE' step in 'C:/Users/User/Desktop/EE2026/audio_effects/audio_effects.sim/sim_1/behav'
"xvlog -m64 --relax -prj music_simulate_vlog.prj"
INFO: [VRFC 10-2263] Analyzing Verilog file "C:/Users/User/Desktop/EE2026/audio_effects/audio_effects.srcs/sim_1/new/music_simulate.v" into library xil_defaultlib
INFO: [VRFC 10-311] analyzing module music_simulate
INFO: [VRFC 10-2263] Analyzing Verilog file "C:/Users/User/Desktop/EE2026/audio_effects/audio_effects.sim/sim_1/behav/glbl.v" into library xil_defaultlib
INFO: [VRFC 10-311] analyzing module glbl
INFO: [USF-XSim-69] 'compile' step finished in '3' seconds
INFO: [USF-XSim-3] XSim::Elaborate design
INFO: [USF-XSim-61] Executing 'ELABORATE' step in 'C:/Users/User/Desktop/EE2026/audio_effects/audio_effects.sim/sim_1/behav'
Vivado Simulator 2016.2
Copyright 1986-1999, 2001-2016 Xilinx, Inc. All Rights Reserved.
Running: C:/Xilinx/Vivado/2016.2/bin/unwrapped/win64.o/xelab.exe -wto 973b187326964de684fc9e761b72d546 --debug typical --relax --mt 2 -L xil_defaultlib -L unisims_ver -L unimacro_ver -L secureip --snapshot music_simulate_behav xil_defaultlib.music_simulate xil_defaultlib.glbl -log elaborate.log 
Using 2 slave threads.
Starting static elaboration
Completed static elaboration
Starting simulation data flow analysis
WARNING: [XSIM 43-4100] "C:/Users/User/Desktop/EE2026/audio_effects/audio_effects.sim/sim_1/behav/glbl.v" Line 6. Module glbl has a timescale but at least one module in design doesn't have timescale.
WARNING: [XSIM 43-4100] "C:/Users/User/Desktop/EE2026/audio_effects/audio_effects.sim/sim_1/behav/glbl.v" Line 6. Module glbl has a timescale but at least one module in design doesn't have timescale.
Completed simulation data flow analysis
Time Resolution for simulation is 1ps
Compiling module xil_defaultlib.music_simulate
Compiling module xil_defaultlib.glbl
Built simulation snapshot music_simulate_behav

****** Webtalk v2016.2 (64-bit)
  **** SW Build 1577090 on Thu Jun  2 16:32:40 MDT 2016
  **** IP Build 1577682 on Fri Jun  3 12:00:54 MDT 2016
    ** Copyright 1986-2016 Xilinx, Inc. All Rights Reserved.

source C:/Users/User/Desktop/EE2026/audio_effects/audio_effects.sim/sim_1/behav/xsim.dir/music_simulate_behav/webtalk/xsim_webtalk.tcl -notrace
INFO: [Common 17-206] Exiting Webtalk at Tue Mar 27 16:32:03 2018...
run_program: Time (s): cpu = 00:00:00 ; elapsed = 00:00:09 . Memory (MB): peak = 776.746 ; gain = 0.000
INFO: [USF-XSim-69] 'elaborate' step finished in '9' seconds
INFO: [USF-XSim-4] XSim::Simulate design
INFO: [USF-XSim-61] Executing 'SIMULATE' step in 'C:/Users/User/Desktop/EE2026/audio_effects/audio_effects.sim/sim_1/behav'
INFO: [USF-XSim-98] *** Running xsim
   with args "music_simulate_behav -key {Behavioral:sim_1:Functional:music_simulate} -tclbatch {music_simulate.tcl} -log {simulate.log}"
INFO: [USF-XSim-8] Loading simulator feature
Vivado Simulator 2016.2
Time resolution is 1 ps
source music_simulate.tcl
# set curr_wave [current_wave_config]
# if { [string length $curr_wave] == 0 } {
#   if { [llength [get_objects]] > 0} {
#     add_wave /
#     set_property needs_save false [current_wave_config]
#   } else {
#      send_msg_id Add_Wave-1 WARNING "No top level signals found. Simulator will start without a wave window. If you want to open a wave window go to 'File->New Waveform Configuration' or type 'create_wave_config' in the TCL console."
#   }
# }
# run 1000ns
INFO: [USF-XSim-96] XSim completed. Design snapshot 'music_simulate_behav' loaded.
INFO: [USF-XSim-97] XSim simulation ran for 1000ns
launch_simulation: Time (s): cpu = 00:00:10 ; elapsed = 00:00:18 . Memory (MB): peak = 776.746 ; gain = 0.000
close_sim
INFO: [Simtcl 6-16] Simulation closed
close_sim: Time (s): cpu = 00:00:05 ; elapsed = 00:00:10 . Memory (MB): peak = 806.758 ; gain = 0.000
exit
INFO: [Common 17-206] Exiting Vivado at Tue Mar 27 17:30:06 2018...
