#-----------------------------------------------------------
# Vivado v2016.2 (64-bit)
# SW Build 1577090 on Thu Jun  2 16:32:40 MDT 2016
# IP Build 1577682 on Fri Jun  3 12:00:54 MDT 2016
# Start of session at: Wed Apr 04 15:01:25 2018
# Process ID: 16816
# Current directory: C:/Users/xw/Desktop/EE2026_Project
# Command line: vivado.exe -gui_launcher_event rodinguilauncherevent16284 C:\Users\xw\Desktop\EE2026_Project\audio_effects.xpr
# Log file: C:/Users/xw/Desktop/EE2026_Project/vivado.log
# Journal file: C:/Users/xw/Desktop/EE2026_Project\vivado.jou
#-----------------------------------------------------------
start_gui
open_project C:/Users/xw/Desktop/EE2026_Project/audio_effects.xpr
Scanning sources...
Finished scanning sources
INFO: [IP_Flow 19-234] Refreshing IP repositories
INFO: [IP_Flow 19-1704] No user IP repositories specified
INFO: [IP_Flow 19-2313] Loaded Vivado IP repository 'D:/Vivado/Vivado/2016.2/data/ip'.
open_project: Time (s): cpu = 00:00:13 ; elapsed = 00:00:05 . Memory (MB): peak = 807.484 ; gain = 108.211
update_compile_order -fileset sources_1
open_hw
connect_hw_server
INFO: [Labtools 27-2285] Connecting to hw_server url TCP:localhost:3121
INFO: [Labtools 27-2222] Launching hw_server...
INFO: [Labtools 27-2221] Launch Output:

****** Xilinx hw_server v2016.2
  **** Build date : Jun  2 2016-16:57:03
    ** Copyright 1986-2016 Xilinx, Inc. All Rights Reserved.


open_hw_target
ERROR: [Labtoolstcl 44-469] There is no current hw_target.
exit
INFO: [Common 17-206] Exiting Vivado at Wed Apr 04 15:03:00 2018...
